<?xml version="1.0" encoding="UTF-8"?>
<!-- Generated by org.testng.reporters.JUnitReportReporter -->
<testsuite hostname="DESKTOP-NFV7UOU" failures="0" tests="1" name="tests.HomePageTest" time="21.476" errors="0" timestamp="2024-12-19T00:08:07 IST" skipped="0">
  <testcase classname="tests.HomePageTest" name="logoutFromApplication" time="21.476"/>
</testsuite> <!-- tests.HomePageTest -->
