<?xml version="1.0" encoding="UTF-8"?>
<!-- Generated by org.testng.reporters.JUnitReportReporter -->
<testsuite hostname="DESKTOP-NFV7UOU" failures="0" tests="2" name="tests.POC_1" time="93.465" errors="0" timestamp="2024-12-20T22:50:02 IST" skipped="1">
  <testcase classname="tests.POC_1" name="generateDynamicExcelsheet" time="93.465"/>
  <testcase classname="tests.POC_1" name="poc11">
    <skipped/>
  </testcase> <!-- poc11 -->
</testsuite> <!-- tests.POC_1 -->
