<?xml version="1.0" encoding="UTF-8"?>
<!-- Generated by org.testng.reporters.JUnitReportReporter -->
<testsuite hostname="DESKTOP-NFV7UOU" failures="0" tests="2" name="tests.LoginPageTest" time="128.675" errors="0" timestamp="2024-12-21T12:42:04 IST" skipped="1">
  <testcase classname="tests.LoginPageTest" name="verifyLoginFunctionalityforAllRoles" time="128.675"/>
  <testcase classname="tests.LoginPageTest" name="loginIntoApplication">
    <skipped/>
  </testcase> <!-- loginIntoApplication -->
</testsuite> <!-- tests.LoginPageTest -->
